Nov 05 2022 05:03:59
{"type":8192,"message":"strlen(): Passing null to parameter #1 ($string) of type string is deprecated","file":"phar:\/\/\/usr\/local\/bin\/wp\/vendor\/rmccue\/requests\/library\/Requests\/Transport\/fsockopen.php","line":170}

Nov 05 2022 05:08:25
{"Number":8192,"Message":"rtrim(): Passing null to parameter #1 ($string) of type string is deprecated","File":"\/home\/gorin202211\/public_html\/wp-includes\/formatting.php","Line":2783}

Nov 05 2022 05:08:25
{"Number":8192,"Message":"rtrim(): Passing null to parameter #1 ($string) of type string is deprecated","File":"\/home\/gorin202211\/public_html\/wp-includes\/formatting.php","Line":2783}

Nov 05 2022 05:08:25
{"Number":8192,"Message":"rtrim(): Passing null to parameter #1 ($string) of type string is deprecated","File":"\/home\/gorin202211\/public_html\/wp-includes\/formatting.php","Line":2783}

Nov 05 2022 05:08:25
{"Number":8192,"Message":"rtrim(): Passing null to parameter #1 ($string) of type string is deprecated","File":"\/home\/gorin202211\/public_html\/wp-includes\/formatting.php","Line":2783}

Nov 05 2022 05:08:25
{"Number":8192,"Message":"rtrim(): Passing null to parameter #1 ($string) of type string is deprecated","File":"\/home\/gorin202211\/public_html\/wp-includes\/formatting.php","Line":2783}

Nov 05 2022 05:08:25
{"Number":8192,"Message":"rtrim(): Passing null to parameter #1 ($string) of type string is deprecated","File":"\/home\/gorin202211\/public_html\/wp-includes\/formatting.php","Line":2783}

Nov 05 2022 05:08:30
{"type":8192,"message":"Return type of Requests_Utility_CaseInsensitiveDictionary::getIterator() should either be compatible with IteratorAggregate::getIterator(): Traversable, or the #[\\ReturnTypeWillChange] attribute should be used to temporarily suppress the notice","file":"phar:\/\/\/usr\/local\/bin\/wp\/vendor\/rmccue\/requests\/library\/Requests\/Utility\/CaseInsensitiveDictionary.php","line":91}

Nov 05 2022 05:13:36
{"Number":8192,"Message":"rtrim(): Passing null to parameter #1 ($string) of type string is deprecated","File":"\/home\/gorin202211\/public_html\/wp-includes\/formatting.php","Line":2783}

Nov 05 2022 05:13:36
{"Number":8192,"Message":"rtrim(): Passing null to parameter #1 ($string) of type string is deprecated","File":"\/home\/gorin202211\/public_html\/wp-includes\/formatting.php","Line":2783}

Nov 05 2022 05:13:36
{"Number":8192,"Message":"rtrim(): Passing null to parameter #1 ($string) of type string is deprecated","File":"\/home\/gorin202211\/public_html\/wp-includes\/formatting.php","Line":2783}

Nov 05 2022 05:13:36
{"Number":8192,"Message":"rtrim(): Passing null to parameter #1 ($string) of type string is deprecated","File":"\/home\/gorin202211\/public_html\/wp-includes\/formatting.php","Line":2783}

Nov 05 2022 05:13:36
{"Number":8192,"Message":"rtrim(): Passing null to parameter #1 ($string) of type string is deprecated","File":"\/home\/gorin202211\/public_html\/wp-includes\/formatting.php","Line":2783}

Nov 05 2022 05:13:36
{"Number":8192,"Message":"rtrim(): Passing null to parameter #1 ($string) of type string is deprecated","File":"\/home\/gorin202211\/public_html\/wp-includes\/formatting.php","Line":2783}

Nov 05 2022 05:13:41
{"type":8192,"message":"Constant FILTER_SANITIZE_STRING is deprecated","file":"\/home\/gorin202211\/public_html\/wp-content\/plugins\/wordpress-seo\/src\/conditionals\/third-party\/elementor-edit-conditional.php","line":28}

